<?xml version="1.0" encoding="UTF-8"?>
<!-- Generated by org.testng.reporters.JUnitXMLReporter -->
<testsuite hostname="DESKTOP-O20OQOR" ignored="0" name="Default test" tests="4" failures="0" timestamp="2020-11-23T17:05:49 IST" time="139.509" errors="0">
  <testcase name="firstTest" time="6.412" classname="com.automationA.DemoSeProject.TestClass1"/>
  <testcase name="forthTest" time="11.889" classname="com.automationA.DemoSeProject.TestClass1"/>
  <testcase name="secondTest" time="1.911" classname="com.automationA.DemoSeProject.TestClass1"/>
  <testcase name="thirdTest" time="1.649" classname="com.automationA.DemoSeProject.TestClass1"/>
</testsuite> <!-- Default test -->
