<?xml version="1.0" encoding="UTF-8"?>
<!-- Generated by org.testng.reporters.JUnitXMLReporter -->
<testsuite hostname="DESKTOP-O20OQOR" ignored="0" name="Default test" tests="4" failures="0" timestamp="2020-11-22T20:19:34 IST" time="78.306" errors="0">
  <testcase name="firstTest" time="3.353" classname="com.automationA.DemoSeProject.TestClass1"/>
  <testcase name="forthTest" time="13.222" classname="com.automationA.DemoSeProject.TestClass1"/>
  <testcase name="secondTest" time="2.793" classname="com.automationA.DemoSeProject.TestClass1"/>
  <testcase name="thirdTest" time="3.259" classname="com.automationA.DemoSeProject.TestClass1"/>
</testsuite> <!-- Default test -->
