<?xml version="1.0" encoding="UTF-8"?>
<!-- Generated by org.testng.reporters.JUnitXMLReporter -->
<testsuite hostname="DESKTOP-O20OQOR" ignored="0" name="Test" tests="3" failures="0" timestamp="2020-11-16T14:03:27 IST" time="48.364" errors="0">
  <testcase name="Test1" time="2.756" classname="com.automationA.DemoSeProject.TestClass1"/>
  <testcase name="Test2" time="2.401" classname="com.automationA.DemoSeProject.TestClass1"/>
  <testcase name="Test3" time="2.214" classname="com.automationA.DemoSeProject.TestClass1"/>
</testsuite> <!-- Test -->
