<?xml version="1.0" encoding="UTF-8"?>
<!-- Generated by org.testng.reporters.JUnitXMLReporter -->
<testsuite hostname="DESKTOP-O20OQOR" ignored="0" name="Test" tests="4" failures="0" timestamp="2020-11-22T22:01:04 IST" time="32.635" errors="0">
  <testcase name="@BeforeMethod launchBrowser" time="32.47" classname="com.automationA.DemoSeProject.TestClass1">
    <failure type="org.openqa.selenium.remote.UnreachableBrowserException" message="Could not start a new session. Possible causes are invalid address of the remote server or browser start-up failure.
Build info: version: &amp;apos;3.141.59&amp;apos;, revision: &amp;apos;e82be7d358&amp;apos;, time: &amp;apos;2018-11-14T08:17:03&amp;apos;
System info: host: &amp;apos;DESKTOP-O20OQOR&amp;apos;, ip: &amp;apos;192.168.134.2&amp;apos;, os.name: &amp;apos;Windows 10&amp;apos;, os.arch: &amp;apos;amd64&amp;apos;, os.version: &amp;apos;10.0&amp;apos;, java.version: &amp;apos;1.8.0_271&amp;apos;
Driver info: driver.version: RemoteWebDriver">
      <![CDATA[org.openqa.selenium.remote.UnreachableBrowserException: Could not start a new session. Possible causes are invalid address of the remote server or browser start-up failure.
Build info: version: '3.141.59', revision: 'e82be7d358', time: '2018-11-14T08:17:03'
System info: host: 'DESKTOP-O20OQOR', ip: '192.168.134.2', os.name: 'Windows 10', os.arch: 'amd64', os.version: '10.0', java.version: '1.8.0_271'
Driver info: driver.version: RemoteWebDriver
at org.openqa.selenium.remote.RemoteWebDriver.execute(RemoteWebDriver.java:573)
at org.openqa.selenium.remote.RemoteWebDriver.startSession(RemoteWebDriver.java:213)
at org.openqa.selenium.remote.RemoteWebDriver.<init>(RemoteWebDriver.java:131)
at org.openqa.selenium.remote.RemoteWebDriver.<init>(RemoteWebDriver.java:144)
at com.automationA.DemoSeProject.TestClass1.launchBrowser(TestClass1.java:65)
at java.util.ArrayList.forEach(Unknown Source)
Caused by: java.net.ConnectException: Failed to connect to localhost/0:0:0:0:0:0:0:1:4444
at okhttp3.internal.connection.RealConnection.connectSocket(RealConnection.java:247)
at okhttp3.internal.connection.RealConnection.connect(RealConnection.java:165)
at okhttp3.internal.connection.StreamAllocation.findConnection(StreamAllocation.java:257)
at okhttp3.internal.connection.StreamAllocation.findHealthyConnection(StreamAllocation.java:135)
at okhttp3.internal.connection.StreamAllocation.newStream(StreamAllocation.java:114)
at okhttp3.internal.connection.ConnectInterceptor.intercept(ConnectInterceptor.java:42)
at okhttp3.internal.http.RealInterceptorChain.proceed(RealInterceptorChain.java:147)
at okhttp3.internal.http.RealInterceptorChain.proceed(RealInterceptorChain.java:121)
at okhttp3.internal.cache.CacheInterceptor.intercept(CacheInterceptor.java:93)
at okhttp3.internal.http.RealInterceptorChain.proceed(RealInterceptorChain.java:147)
at okhttp3.internal.http.RealInterceptorChain.proceed(RealInterceptorChain.java:121)
at okhttp3.internal.http.BridgeInterceptor.intercept(BridgeInterceptor.java:93)
at okhttp3.internal.http.RealInterceptorChain.proceed(RealInterceptorChain.java:147)
at okhttp3.internal.http.RetryAndFollowUpInterceptor.intercept(RetryAndFollowUpInterceptor.java:126)
at okhttp3.internal.http.RealInterceptorChain.proceed(RealInterceptorChain.java:147)
at okhttp3.internal.http.RealInterceptorChain.proceed(RealInterceptorChain.java:121)
at okhttp3.RealCall.getResponseWithInterceptorChain(RealCall.java:200)
at okhttp3.RealCall.execute(RealCall.java:77)
at org.openqa.selenium.remote.internal.OkHttpClient.execute(OkHttpClient.java:103)
at org.openqa.selenium.remote.ProtocolHandshake.createSession(ProtocolHandshake.java:105)
at org.openqa.selenium.remote.ProtocolHandshake.createSession(ProtocolHandshake.java:74)
at org.openqa.selenium.remote.HttpCommandExecutor.execute(HttpCommandExecutor.java:136)
at org.openqa.selenium.remote.RemoteWebDriver.execute(RemoteWebDriver.java:552)
... 40 more
Caused by: java.net.ConnectException: Connection refused: connect
at java.net.DualStackPlainSocketImpl.waitForConnect(Native Method)
at java.net.DualStackPlainSocketImpl.socketConnect(Unknown Source)
at java.net.AbstractPlainSocketImpl.doConnect(Unknown Source)
at java.net.AbstractPlainSocketImpl.connectToAddress(Unknown Source)
at java.net.AbstractPlainSocketImpl.connect(Unknown Source)
at java.net.PlainSocketImpl.connect(Unknown Source)
at java.net.SocksSocketImpl.connect(Unknown Source)
at java.net.Socket.connect(Unknown Source)
at okhttp3.internal.platform.Platform.connectSocket(Platform.java:129)
at okhttp3.internal.connection.RealConnection.connectSocket(RealConnection.java:245)
... 62 more
... Removed 35 stack frames]]>
    </failure>
  </testcase> <!-- @BeforeMethod launchBrowser -->
  <testcase name="@AfterMethod afterMethod" time="-1.606062664315E9" classname="com.automationA.DemoSeProject.TestClass1">
    <skipped/>
  </testcase> <!-- @AfterMethod afterMethod -->
  <testcase name="@BeforeMethod launchBrowser" time="-1.606062664317E9" classname="com.automationA.DemoSeProject.TestClass1">
    <skipped/>
  </testcase> <!-- @BeforeMethod launchBrowser -->
  <testcase name="@AfterMethod afterMethod" time="-1.60606266432E9" classname="com.automationA.DemoSeProject.TestClass1">
    <skipped/>
  </testcase> <!-- @AfterMethod afterMethod -->
  <testcase name="@BeforeMethod launchBrowser" time="-1.606062664321E9" classname="com.automationA.DemoSeProject.TestClass1">
    <skipped/>
  </testcase> <!-- @BeforeMethod launchBrowser -->
  <testcase name="@AfterMethod afterMethod" time="-1.606062664323E9" classname="com.automationA.DemoSeProject.TestClass1">
    <skipped/>
  </testcase> <!-- @AfterMethod afterMethod -->
  <testcase name="@BeforeMethod launchBrowser" time="-1.606062664325E9" classname="com.automationA.DemoSeProject.TestClass1">
    <skipped/>
  </testcase> <!-- @BeforeMethod launchBrowser -->
  <testcase name="@AfterMethod afterMethod" time="-1.606062664327E9" classname="com.automationA.DemoSeProject.TestClass1">
    <skipped/>
  </testcase> <!-- @AfterMethod afterMethod -->
  <testcase name="firstTest" time="0.0" classname="com.automationA.DemoSeProject.TestClass1">
    <skipped/>
  </testcase> <!-- firstTest -->
  <testcase name="forthTest" time="0.0" classname="com.automationA.DemoSeProject.TestClass1">
    <skipped/>
  </testcase> <!-- forthTest -->
  <testcase name="secondTest" time="0.0" classname="com.automationA.DemoSeProject.TestClass1">
    <skipped/>
  </testcase> <!-- secondTest -->
  <testcase name="thirdTest" time="0.0" classname="com.automationA.DemoSeProject.TestClass1">
    <skipped/>
  </testcase> <!-- thirdTest -->
</testsuite> <!-- Test -->
