<?xml version="1.0" encoding="UTF-8"?>
<testng-results skipped="0" failed="0" ignored="0" total="3" passed="3">
  <reporter-output>
  </reporter-output>
  <suite name="Suite" duration-ms="48364" started-at="2020-11-16T14:02:39 IST" finished-at="2020-11-16T14:03:27 IST">
    <groups>
    </groups>
    <test name="Test" duration-ms="48364" started-at="2020-11-16T14:02:39 IST" finished-at="2020-11-16T14:03:27 IST">
      <class name="com.automationA.DemoSeProject.TestClass1">
        <test-method status="PASS" signature="launchBrowser()[pri:0, instance:com.automationA.DemoSeProject.TestClass1@56235b8e]" name="launchBrowser" is-config="true" duration-ms="26480" started-at="2020-11-16T14:02:39 IST" finished-at="2020-11-16T14:03:05 IST">
          <reporter-output>
          </reporter-output>
        </test-method> <!-- launchBrowser -->
        <test-method status="PASS" signature="Test1()[pri:0, instance:com.automationA.DemoSeProject.TestClass1@56235b8e]" name="Test1" duration-ms="2756" started-at="2020-11-16T14:03:05 IST" finished-at="2020-11-16T14:03:08 IST">
          <reporter-output>
          </reporter-output>
        </test-method> <!-- Test1 -->
        <test-method status="PASS" signature="afterMethod()[pri:0, instance:com.automationA.DemoSeProject.TestClass1@56235b8e]" name="afterMethod" is-config="true" duration-ms="1019" started-at="2020-11-16T14:03:08 IST" finished-at="2020-11-16T14:03:09 IST">
          <reporter-output>
          </reporter-output>
        </test-method> <!-- afterMethod -->
        <test-method status="PASS" signature="launchBrowser()[pri:0, instance:com.automationA.DemoSeProject.TestClass1@56235b8e]" name="launchBrowser" is-config="true" duration-ms="5669" started-at="2020-11-16T14:03:09 IST" finished-at="2020-11-16T14:03:15 IST">
          <reporter-output>
          </reporter-output>
        </test-method> <!-- launchBrowser -->
        <test-method status="PASS" signature="Test2()[pri:0, instance:com.automationA.DemoSeProject.TestClass1@56235b8e]" name="Test2" duration-ms="2401" started-at="2020-11-16T14:03:15 IST" finished-at="2020-11-16T14:03:17 IST">
          <reporter-output>
          </reporter-output>
        </test-method> <!-- Test2 -->
        <test-method status="PASS" signature="afterMethod()[pri:0, instance:com.automationA.DemoSeProject.TestClass1@56235b8e]" name="afterMethod" is-config="true" duration-ms="942" started-at="2020-11-16T14:03:17 IST" finished-at="2020-11-16T14:03:18 IST">
          <reporter-output>
          </reporter-output>
        </test-method> <!-- afterMethod -->
        <test-method status="PASS" signature="launchBrowser()[pri:0, instance:com.automationA.DemoSeProject.TestClass1@56235b8e]" name="launchBrowser" is-config="true" duration-ms="5849" started-at="2020-11-16T14:03:18 IST" finished-at="2020-11-16T14:03:24 IST">
          <reporter-output>
          </reporter-output>
        </test-method> <!-- launchBrowser -->
        <test-method status="PASS" signature="Test3()[pri:0, instance:com.automationA.DemoSeProject.TestClass1@56235b8e]" name="Test3" duration-ms="2214" started-at="2020-11-16T14:03:24 IST" finished-at="2020-11-16T14:03:26 IST">
          <reporter-output>
          </reporter-output>
        </test-method> <!-- Test3 -->
        <test-method status="PASS" signature="afterMethod()[pri:0, instance:com.automationA.DemoSeProject.TestClass1@56235b8e]" name="afterMethod" is-config="true" duration-ms="949" started-at="2020-11-16T14:03:26 IST" finished-at="2020-11-16T14:03:27 IST">
          <reporter-output>
          </reporter-output>
        </test-method> <!-- afterMethod -->
      </class> <!-- com.automationA.DemoSeProject.TestClass1 -->
    </test> <!-- Test -->
  </suite> <!-- Suite -->
</testng-results>
