<?xml version="1.0" encoding="UTF-8"?>
<testng-results skipped="0" failed="0" ignored="0" total="4" passed="4">
  <reporter-output>
  </reporter-output>
  <suite name="Default suite" duration-ms="78306" started-at="2020-11-22T20:18:16 IST" finished-at="2020-11-22T20:19:34 IST">
    <groups>
    </groups>
    <test name="Default test" duration-ms="78306" started-at="2020-11-22T20:18:16 IST" finished-at="2020-11-22T20:19:34 IST">
      <class name="com.automationA.DemoSeProject.TestClass1">
        <test-method status="PASS" signature="launchBrowser()[pri:0, instance:com.automationA.DemoSeProject.TestClass1@bd8db5a]" name="launchBrowser" is-config="true" duration-ms="29637" started-at="2020-11-22T20:18:16 IST" finished-at="2020-11-22T20:18:45 IST">
          <reporter-output>
          </reporter-output>
        </test-method> <!-- launchBrowser -->
        <test-method status="PASS" signature="firstTest()[pri:0, instance:com.automationA.DemoSeProject.TestClass1@bd8db5a]" name="firstTest" duration-ms="3353" started-at="2020-11-22T20:18:45 IST" finished-at="2020-11-22T20:18:49 IST">
          <reporter-output>
          </reporter-output>
        </test-method> <!-- firstTest -->
        <test-method status="PASS" signature="afterMethod()[pri:0, instance:com.automationA.DemoSeProject.TestClass1@bd8db5a]" name="afterMethod" is-config="true" duration-ms="467" started-at="2020-11-22T20:18:49 IST" finished-at="2020-11-22T20:18:49 IST">
          <reporter-output>
          </reporter-output>
        </test-method> <!-- afterMethod -->
        <test-method status="PASS" signature="launchBrowser()[pri:0, instance:com.automationA.DemoSeProject.TestClass1@bd8db5a]" name="launchBrowser" is-config="true" duration-ms="7750" started-at="2020-11-22T20:18:49 IST" finished-at="2020-11-22T20:18:57 IST">
          <reporter-output>
          </reporter-output>
        </test-method> <!-- launchBrowser -->
        <test-method status="PASS" signature="forthTest()[pri:0, instance:com.automationA.DemoSeProject.TestClass1@bd8db5a]" name="forthTest" duration-ms="13222" started-at="2020-11-22T20:18:57 IST" finished-at="2020-11-22T20:19:10 IST">
          <reporter-output>
          </reporter-output>
        </test-method> <!-- forthTest -->
        <test-method status="PASS" signature="afterMethod()[pri:0, instance:com.automationA.DemoSeProject.TestClass1@bd8db5a]" name="afterMethod" is-config="true" duration-ms="235" started-at="2020-11-22T20:19:10 IST" finished-at="2020-11-22T20:19:10 IST">
          <reporter-output>
          </reporter-output>
        </test-method> <!-- afterMethod -->
        <test-method status="PASS" signature="launchBrowser()[pri:0, instance:com.automationA.DemoSeProject.TestClass1@bd8db5a]" name="launchBrowser" is-config="true" duration-ms="7572" started-at="2020-11-22T20:19:10 IST" finished-at="2020-11-22T20:19:18 IST">
          <reporter-output>
          </reporter-output>
        </test-method> <!-- launchBrowser -->
        <test-method status="PASS" signature="secondTest()[pri:0, instance:com.automationA.DemoSeProject.TestClass1@bd8db5a]" name="secondTest" duration-ms="2793" started-at="2020-11-22T20:19:18 IST" finished-at="2020-11-22T20:19:21 IST">
          <reporter-output>
          </reporter-output>
        </test-method> <!-- secondTest -->
        <test-method status="PASS" signature="afterMethod()[pri:0, instance:com.automationA.DemoSeProject.TestClass1@bd8db5a]" name="afterMethod" is-config="true" duration-ms="313" started-at="2020-11-22T20:19:21 IST" finished-at="2020-11-22T20:19:21 IST">
          <reporter-output>
          </reporter-output>
        </test-method> <!-- afterMethod -->
        <test-method status="PASS" signature="launchBrowser()[pri:0, instance:com.automationA.DemoSeProject.TestClass1@bd8db5a]" name="launchBrowser" is-config="true" duration-ms="7765" started-at="2020-11-22T20:19:21 IST" finished-at="2020-11-22T20:19:29 IST">
          <reporter-output>
          </reporter-output>
        </test-method> <!-- launchBrowser -->
        <test-method status="PASS" signature="thirdTest()[pri:0, instance:com.automationA.DemoSeProject.TestClass1@bd8db5a]" name="thirdTest" duration-ms="3259" started-at="2020-11-22T20:19:29 IST" finished-at="2020-11-22T20:19:32 IST">
          <reporter-output>
          </reporter-output>
        </test-method> <!-- thirdTest -->
        <test-method status="PASS" signature="afterMethod()[pri:0, instance:com.automationA.DemoSeProject.TestClass1@bd8db5a]" name="afterMethod" is-config="true" duration-ms="1826" started-at="2020-11-22T20:19:32 IST" finished-at="2020-11-22T20:19:34 IST">
          <reporter-output>
          </reporter-output>
        </test-method> <!-- afterMethod -->
      </class> <!-- com.automationA.DemoSeProject.TestClass1 -->
    </test> <!-- Default test -->
  </suite> <!-- Default suite -->
</testng-results>
